mode: set
github.com/googlecloudplatform/gcsfuse/v3/internal/cache/file/cache_handle.go:55.90,64.2 1 1
github.com/googlecloudplatform/gcsfuse/v3/internal/cache/file/cache_handle.go:66.53,67.27 1 1
github.com/googlecloudplatform/gcsfuse/v3/internal/cache/file/cache_handle.go:67.27,69.3 1 1
github.com/googlecloudplatform/gcsfuse/v3/internal/cache/file/cache_handle.go:71.2,71.30 1 1
github.com/googlecloudplatform/gcsfuse/v3/internal/cache/file/cache_handle.go:71.30,73.3 1 1
github.com/googlecloudplatform/gcsfuse/v3/internal/cache/file/cache_handle.go:75.2,75.12 1 1
github.com/googlecloudplatform/gcsfuse/v3/internal/cache/file/cache_handle.go:80.112,83.39 1 1
github.com/googlecloudplatform/gcsfuse/v3/internal/cache/file/cache_handle.go:83.39,85.3 1 1
github.com/googlecloudplatform/gcsfuse/v3/internal/cache/file/cache_handle.go:85.8,85.46 1 1
github.com/googlecloudplatform/gcsfuse/v3/internal/cache/file/cache_handle.go:85.46,87.3 1 1
github.com/googlecloudplatform/gcsfuse/v3/internal/cache/file/cache_handle.go:88.2,88.12 1 1
github.com/googlecloudplatform/gcsfuse/v3/internal/cache/file/cache_handle.go:95.130,101.16 3 1
github.com/googlecloudplatform/gcsfuse/v3/internal/cache/file/cache_handle.go:101.16,103.3 1 0
github.com/googlecloudplatform/gcsfuse/v3/internal/cache/file/cache_handle.go:105.2,106.22 2 1
github.com/googlecloudplatform/gcsfuse/v3/internal/cache/file/cache_handle.go:106.22,108.3 1 1
github.com/googlecloudplatform/gcsfuse/v3/internal/cache/file/cache_handle.go:108.8,110.3 1 1
github.com/googlecloudplatform/gcsfuse/v3/internal/cache/file/cache_handle.go:111.2,111.21 1 1
github.com/googlecloudplatform/gcsfuse/v3/internal/cache/file/cache_handle.go:111.21,113.3 1 1
github.com/googlecloudplatform/gcsfuse/v3/internal/cache/file/cache_handle.go:118.2,119.9 2 1
github.com/googlecloudplatform/gcsfuse/v3/internal/cache/file/cache_handle.go:119.9,121.3 1 0
github.com/googlecloudplatform/gcsfuse/v3/internal/cache/file/cache_handle.go:123.2,123.27 1 1
github.com/googlecloudplatform/gcsfuse/v3/internal/cache/file/cache_handle.go:131.148,133.16 2 1
github.com/googlecloudplatform/gcsfuse/v3/internal/cache/file/cache_handle.go:133.16,135.3 1 1
github.com/googlecloudplatform/gcsfuse/v3/internal/cache/file/cache_handle.go:136.2,136.56 1 1
github.com/googlecloudplatform/gcsfuse/v3/internal/cache/file/cache_handle.go:136.56,138.3 1 1
github.com/googlecloudplatform/gcsfuse/v3/internal/cache/file/cache_handle.go:139.2,139.42 1 1
github.com/googlecloudplatform/gcsfuse/v3/internal/cache/file/cache_handle.go:139.42,141.3 1 1
github.com/googlecloudplatform/gcsfuse/v3/internal/cache/file/cache_handle.go:143.2,143.12 1 1
github.com/googlecloudplatform/gcsfuse/v3/internal/cache/file/cache_handle.go:151.153,153.16 2 1
github.com/googlecloudplatform/gcsfuse/v3/internal/cache/file/cache_handle.go:153.16,155.3 1 1
github.com/googlecloudplatform/gcsfuse/v3/internal/cache/file/cache_handle.go:157.2,157.48 1 1
github.com/googlecloudplatform/gcsfuse/v3/internal/cache/file/cache_handle.go:157.48,159.3 1 1
github.com/googlecloudplatform/gcsfuse/v3/internal/cache/file/cache_handle.go:161.2,162.24 2 1
github.com/googlecloudplatform/gcsfuse/v3/internal/cache/file/cache_handle.go:162.24,164.3 1 1
github.com/googlecloudplatform/gcsfuse/v3/internal/cache/file/cache_handle.go:173.2,173.99 1 1
github.com/googlecloudplatform/gcsfuse/v3/internal/cache/file/cache_handle.go:173.99,176.3 2 0
github.com/googlecloudplatform/gcsfuse/v3/internal/cache/file/cache_handle.go:179.2,181.23 3 1
github.com/googlecloudplatform/gcsfuse/v3/internal/cache/file/cache_handle.go:181.23,184.3 2 1
github.com/googlecloudplatform/gcsfuse/v3/internal/cache/file/cache_handle.go:187.2,193.30 4 1
github.com/googlecloudplatform/gcsfuse/v3/internal/cache/file/cache_handle.go:193.30,195.3 1 1
github.com/googlecloudplatform/gcsfuse/v3/internal/cache/file/cache_handle.go:199.2,199.32 1 1
github.com/googlecloudplatform/gcsfuse/v3/internal/cache/file/cache_handle.go:199.32,203.54 2 1
github.com/googlecloudplatform/gcsfuse/v3/internal/cache/file/cache_handle.go:203.54,204.77 1 1
github.com/googlecloudplatform/gcsfuse/v3/internal/cache/file/cache_handle.go:204.77,206.5 1 1
github.com/googlecloudplatform/gcsfuse/v3/internal/cache/file/cache_handle.go:209.3,209.41 1 1
github.com/googlecloudplatform/gcsfuse/v3/internal/cache/file/cache_handle.go:209.41,211.4 1 1
github.com/googlecloudplatform/gcsfuse/v3/internal/cache/file/cache_handle.go:213.3,215.122 2 1
github.com/googlecloudplatform/gcsfuse/v3/internal/cache/file/cache_handle.go:215.122,217.4 1 1
github.com/googlecloudplatform/gcsfuse/v3/internal/cache/file/cache_handle.go:219.3,220.17 2 1
github.com/googlecloudplatform/gcsfuse/v3/internal/cache/file/cache_handle.go:220.17,225.4 4 0
github.com/googlecloudplatform/gcsfuse/v3/internal/cache/file/cache_handle.go:227.3,227.76 1 1
github.com/googlecloudplatform/gcsfuse/v3/internal/cache/file/cache_handle.go:227.76,229.4 1 1
github.com/googlecloudplatform/gcsfuse/v3/internal/cache/file/cache_handle.go:230.8,235.17 2 1
github.com/googlecloudplatform/gcsfuse/v3/internal/cache/file/cache_handle.go:235.17,237.4 1 1
github.com/googlecloudplatform/gcsfuse/v3/internal/cache/file/cache_handle.go:238.3,238.18 1 1
github.com/googlecloudplatform/gcsfuse/v3/internal/cache/file/cache_handle.go:242.2,247.49 3 1
github.com/googlecloudplatform/gcsfuse/v3/internal/cache/file/cache_handle.go:247.49,248.29 1 1
github.com/googlecloudplatform/gcsfuse/v3/internal/cache/file/cache_handle.go:248.29,253.4 1 0
github.com/googlecloudplatform/gcsfuse/v3/internal/cache/file/cache_handle.go:254.3,254.12 1 1
github.com/googlecloudplatform/gcsfuse/v3/internal/cache/file/cache_handle.go:256.2,256.16 1 1
github.com/googlecloudplatform/gcsfuse/v3/internal/cache/file/cache_handle.go:256.16,258.3 1 0
github.com/googlecloudplatform/gcsfuse/v3/internal/cache/file/cache_handle.go:263.2,264.16 2 1
github.com/googlecloudplatform/gcsfuse/v3/internal/cache/file/cache_handle.go:264.16,266.3 1 1
github.com/googlecloudplatform/gcsfuse/v3/internal/cache/file/cache_handle.go:268.2,268.8 1 1
github.com/googlecloudplatform/gcsfuse/v3/internal/cache/file/cache_handle.go:273.64,274.23 1 1
github.com/googlecloudplatform/gcsfuse/v3/internal/cache/file/cache_handle.go:274.23,276.3 1 1
github.com/googlecloudplatform/gcsfuse/v3/internal/cache/file/cache_handle.go:278.2,278.36 1 1
github.com/googlecloudplatform/gcsfuse/v3/internal/cache/file/cache_handle.go:278.36,280.3 1 1
github.com/googlecloudplatform/gcsfuse/v3/internal/cache/file/cache_handle.go:282.2,282.61 1 1
github.com/googlecloudplatform/gcsfuse/v3/internal/cache/file/cache_handle.go:282.61,284.3 1 1
github.com/googlecloudplatform/gcsfuse/v3/internal/cache/file/cache_handle.go:286.2,286.13 1 1
github.com/googlecloudplatform/gcsfuse/v3/internal/cache/file/cache_handle.go:290.45,291.27 1 1
github.com/googlecloudplatform/gcsfuse/v3/internal/cache/file/cache_handle.go:291.27,293.17 2 1
github.com/googlecloudplatform/gcsfuse/v3/internal/cache/file/cache_handle.go:293.17,295.4 1 0
github.com/googlecloudplatform/gcsfuse/v3/internal/cache/file/cache_handle.go:296.3,296.23 1 1
github.com/googlecloudplatform/gcsfuse/v3/internal/cache/file/cache_handle.go:299.2,299.8 1 1
github.com/googlecloudplatform/gcsfuse/v3/internal/cache/file/cache_handler.go:64.199,68.24 3 1
github.com/googlecloudplatform/gcsfuse/v3/internal/cache/file/cache_handler.go:68.24,71.17 3 1
github.com/googlecloudplatform/gcsfuse/v3/internal/cache/file/cache_handler.go:71.17,74.4 2 1
github.com/googlecloudplatform/gcsfuse/v3/internal/cache/file/cache_handler.go:77.2,77.24 1 1
github.com/googlecloudplatform/gcsfuse/v3/internal/cache/file/cache_handler.go:77.24,80.17 3 1
github.com/googlecloudplatform/gcsfuse/v3/internal/cache/file/cache_handler.go:80.17,83.4 2 1
github.com/googlecloudplatform/gcsfuse/v3/internal/cache/file/cache_handler.go:86.2,92.56 1 1
github.com/googlecloudplatform/gcsfuse/v3/internal/cache/file/cache_handler.go:92.57,92.58 0 1
github.com/googlecloudplatform/gcsfuse/v3/internal/cache/file/cache_handler.go:98.108,106.2 2 1
github.com/googlecloudplatform/gcsfuse/v3/internal/cache/file/cache_handler.go:111.76,114.16 3 1
github.com/googlecloudplatform/gcsfuse/v3/internal/cache/file/cache_handler.go:114.16,116.3 1 0
github.com/googlecloudplatform/gcsfuse/v3/internal/cache/file/cache_handler.go:118.2,122.16 4 1
github.com/googlecloudplatform/gcsfuse/v3/internal/cache/file/cache_handler.go:122.16,123.25 1 0
github.com/googlecloudplatform/gcsfuse/v3/internal/cache/file/cache_handler.go:123.25,126.4 2 0
github.com/googlecloudplatform/gcsfuse/v3/internal/cache/file/cache_handler.go:127.3,127.107 1 0
github.com/googlecloudplatform/gcsfuse/v3/internal/cache/file/cache_handler.go:130.2,130.12 1 1
github.com/googlecloudplatform/gcsfuse/v3/internal/cache/file/cache_handler.go:142.111,148.16 3 1
github.com/googlecloudplatform/gcsfuse/v3/internal/cache/file/cache_handler.go:148.16,150.3 1 0
github.com/googlecloudplatform/gcsfuse/v3/internal/cache/file/cache_handler.go:152.2,154.21 3 1
github.com/googlecloudplatform/gcsfuse/v3/internal/cache/file/cache_handler.go:154.21,156.3 1 1
github.com/googlecloudplatform/gcsfuse/v3/internal/cache/file/cache_handler.go:156.8,161.39 3 1
github.com/googlecloudplatform/gcsfuse/v3/internal/cache/file/cache_handler.go:161.39,163.4 1 1
github.com/googlecloudplatform/gcsfuse/v3/internal/cache/file/cache_handler.go:170.3,175.50 4 1
github.com/googlecloudplatform/gcsfuse/v3/internal/cache/file/cache_handler.go:175.50,178.4 2 1
github.com/googlecloudplatform/gcsfuse/v3/internal/cache/file/cache_handler.go:179.3,179.79 1 1
github.com/googlecloudplatform/gcsfuse/v3/internal/cache/file/cache_handler.go:179.79,181.24 2 1
github.com/googlecloudplatform/gcsfuse/v3/internal/cache/file/cache_handler.go:181.24,184.19 3 1
github.com/googlecloudplatform/gcsfuse/v3/internal/cache/file/cache_handler.go:184.19,186.6 1 0
github.com/googlecloudplatform/gcsfuse/v3/internal/cache/file/cache_handler.go:188.4,188.26 1 1
github.com/googlecloudplatform/gcsfuse/v3/internal/cache/file/cache_handler.go:192.2,192.21 1 1
github.com/googlecloudplatform/gcsfuse/v3/internal/cache/file/cache_handler.go:192.21,201.17 3 1
github.com/googlecloudplatform/gcsfuse/v3/internal/cache/file/cache_handler.go:201.17,203.4 1 0
github.com/googlecloudplatform/gcsfuse/v3/internal/cache/file/cache_handler.go:205.3,206.37 2 1
github.com/googlecloudplatform/gcsfuse/v3/internal/cache/file/cache_handler.go:206.37,209.18 3 1
github.com/googlecloudplatform/gcsfuse/v3/internal/cache/file/cache_handler.go:209.18,211.5 1 0
github.com/googlecloudplatform/gcsfuse/v3/internal/cache/file/cache_handler.go:213.8,216.3 1 1
github.com/googlecloudplatform/gcsfuse/v3/internal/cache/file/cache_handler.go:218.2,218.12 1 1
github.com/googlecloudplatform/gcsfuse/v3/internal/cache/file/cache_handler.go:232.150,237.48 3 1
github.com/googlecloudplatform/gcsfuse/v3/internal/cache/file/cache_handler.go:237.48,239.3 1 1
github.com/googlecloudplatform/gcsfuse/v3/internal/cache/file/cache_handler.go:244.2,244.46 1 1
github.com/googlecloudplatform/gcsfuse/v3/internal/cache/file/cache_handler.go:244.46,250.17 3 1
github.com/googlecloudplatform/gcsfuse/v3/internal/cache/file/cache_handler.go:250.17,252.4 1 0
github.com/googlecloudplatform/gcsfuse/v3/internal/cache/file/cache_handler.go:254.3,255.22 2 1
github.com/googlecloudplatform/gcsfuse/v3/internal/cache/file/cache_handler.go:255.22,257.4 1 1
github.com/googlecloudplatform/gcsfuse/v3/internal/cache/file/cache_handler.go:260.2,261.16 2 1
github.com/googlecloudplatform/gcsfuse/v3/internal/cache/file/cache_handler.go:261.16,263.3 1 1
github.com/googlecloudplatform/gcsfuse/v3/internal/cache/file/cache_handler.go:265.2,266.16 2 1
github.com/googlecloudplatform/gcsfuse/v3/internal/cache/file/cache_handler.go:266.16,268.3 1 0
github.com/googlecloudplatform/gcsfuse/v3/internal/cache/file/cache_handler.go:270.2,270.153 1 1
github.com/googlecloudplatform/gcsfuse/v3/internal/cache/file/cache_handler.go:277.86,283.16 3 1
github.com/googlecloudplatform/gcsfuse/v3/internal/cache/file/cache_handler.go:283.16,285.3 1 0
github.com/googlecloudplatform/gcsfuse/v3/internal/cache/file/cache_handler.go:287.2,291.22 4 1
github.com/googlecloudplatform/gcsfuse/v3/internal/cache/file/cache_handler.go:291.22,294.17 3 1
github.com/googlecloudplatform/gcsfuse/v3/internal/cache/file/cache_handler.go:294.17,296.4 1 0
github.com/googlecloudplatform/gcsfuse/v3/internal/cache/file/cache_handler.go:298.2,298.12 1 1
github.com/googlecloudplatform/gcsfuse/v3/internal/cache/file/cache_handler.go:306.48,312.2 4 1
github.com/googlecloudplatform/gcsfuse/v3/internal/cache/file/cache_handler.go:316.96,318.56 1 1
github.com/googlecloudplatform/gcsfuse/v3/internal/cache/file/cache_handler.go:318.56,320.3 1 1
github.com/googlecloudplatform/gcsfuse/v3/internal/cache/file/cache_handler.go:322.2,325.73 2 1
github.com/googlecloudplatform/gcsfuse/v3/internal/cache/file/cache_handler.go:325.73,327.3 1 1
github.com/googlecloudplatform/gcsfuse/v3/internal/cache/file/cache_handler.go:329.2,329.74 1 1
github.com/googlecloudplatform/gcsfuse/v3/internal/cache/file/cache_handler.go:329.74,331.3 1 1
github.com/googlecloudplatform/gcsfuse/v3/internal/cache/file/cache_handler.go:333.2,333.14 1 1
