{"timestamp":{"seconds":1778658585,"nanos":156989135},"severity":"INFO","message":"Start gcsfuse/unknown (Go version go1.26.2) for app \"\" using mount point: /tmp/gcsfuse_mount_uqbxfiqx\n","mount-id":"mohitkyadav-flat-usw4a-e0eb3abd"}
{"timestamp":{"seconds":1778658585,"nanos":157106325},"severity":"INFO","message":"GCSFuse Config","mount-id":"mohitkyadav-flat-usw4a-e0eb3abd","CLI Flags":{"log-file":"/usr/local/google/home/mohitkyadav/gcsfuse/write-io-experiment/gcsfuse.log","log-severity":"trace"}}
{"timestamp":{"seconds":1778658585,"nanos":157962375},"severity":"INFO","message":"GCSFuse Config","mount-id":"mohitkyadav-flat-usw4a-e0eb3abd","Full Config":{"AppName":"","CacheDir":"","CloudProfiler":{"AllocatedHeap":true,"Cpu":true,"Enabled":false,"Goroutines":false,"Heap":true,"Label":"gcsfuse-0.0.0","Mutex":false,"ServiceName":"gcsfuse"},"Debug":{"ExitOnInvariantViolation":false,"Fuse":false,"Gcs":false,"LogMutex":false},"DisableAutoconfig":false,"DisableListAccessCheck":true,"DummyIo":{"Enable":false,"PerMbLatency":0,"ReaderLatency":0},"EnableAtomicRenameObject":true,"EnableGoogleLibAuth":true,"EnableHns":true,"EnableNewReader":true,"EnableStandardSymlinks":true,"EnableTypeCacheDeprecation":true,"EnableUnsupportedPathSupport":true,"FileCache":{"CacheFileForRangeRead":false,"DownloadChunkSizeMb":200,"EnableCrc":false,"EnableExperimentalSharedChunkCache":false,"EnableODirect":false,"EnableParallelDownloads":false,"ExcludeRegex":"","ExperimentalDisableSizeCalculationFix":false,"ExperimentalEnableChunkCache":false,"ExperimentalParallelDownloadsDefaultOn":true,"IncludeRegex":"","MaxParallelDownloads":128,"MaxSizeMb":-1,"ParallelDownloadsPerFile":16,"SharedCacheChunkSizeMb":8,"WriteBufferSize":4194304},"FileSystem":{"CongestionThreshold":0,"DirMode":"755","DisableParallelDirops":false,"EnableKernelReader":false,"ExperimentalEnableDentryCache":false,"ExperimentalEnablePirlo":false,"ExperimentalEnableReaddirplus":false,"ExperimentalODirect":false,"FileMode":"644","FuseOptions":[],"Gid":-1,"IgnoreInterrupts":true,"InactiveMrdCacheSize":1000,"KernelListCacheTtlSecs":0,"KernelParamsFile":"","MaxBackground":0,"MaxReadAheadKb":0,"RenameDirLimit":0,"TempDir":"","Uid":-1},"Foreground":true,"GcsAuth":{"AnonymousAccess":false,"KeyFile":"","ReuseTokenFromUrl":true,"TokenUrl":""},"GcsConnection":{"BillingProject":"","ClientProtocol":"http1","CustomEndpoint":"","EnableHttpDnsCache":true,"ExperimentalEnableJsonRead":false,"ExperimentalLocalSocketAddress":"","GrpcConnPoolSize":1,"GrpcPathStrategy":"direct-path-with-fallback","HttpClientTimeout":0,"LimitBytesPerSec":-1,"LimitOpsPerSec":-1,"MaxConnsPerHost":0,"MaxIdleConnsPerHost":100,"SequentialReadSizeMb":200},"GcsRetries":{"ChunkRetryDeadlineSecs":120,"ChunkTransferTimeoutSecs":10,"ExperimentalNonrapidFolderApiStallRetry":false,"MaxRetryAttempts":9223372036854775807,"MaxRetrySleep":30000000000,"Multiplier":2,"ReadStall":{"Enable":true,"InitialReqTimeout":20000000000,"MaxReqTimeout":1200000000000,"MinReqTimeout":1500000000,"ReqIncreaseRate":15,"ReqTargetPercentile":0.99}},"ImplicitDirs":false,"List":{"EnableEmptyManagedFolders":false},"Logging":{"FilePath":"/usr/local/google/home/mohitkyadav/gcsfuse/write-io-experiment/gcsfuse.log","Format":"json","LogRotate":{"BackupFileCount":10,"Compress":true,"MaxFileSizeMb":512},"Severity":"TRACE","WireLog":""},"MachineType":"n2d-custom-64-122880","MetadataCache":{"DeprecatedStatCacheCapacity":20460,"DeprecatedStatCacheTtl":60000000000,"DeprecatedTypeCacheTtl":60000000000,"EnableMetadataPrefetch":false,"EnableNonexistentTypeCache":false,"ExperimentalMetadataPrefetchOnMount":"disabled","MetadataPrefetchEntriesLimit":5000,"MetadataPrefetchMaxWorkers":10,"NegativeTtlSecs":5,"StatCacheMaxSizeMb":34,"TtlSecs":60,"TypeCacheMaxSizeMb":4},"Metrics":{"BufferSize":256,"CloudMetricsExportIntervalSecs":0,"ExperimentalEnableGrpcMetrics":true,"PrometheusPort":0,"StackdriverExportInterval":0,"UseNewNames":false,"Workers":3},"Mrd":{"PoolSize":4},"OnlyDir":"","Profile":"","Read":{"BlockSizeMb":16,"EnableBufferedRead":false,"GlobalMaxBlocks":40,"InactiveStreamTimeout":10000000000,"MaxBlocksPerHandle":20,"MinBlocksPerHandle":4,"RandomSeekThreshold":3,"StartBlocksPerHandle":1},"Trace":{"Exporters":["gcpexporter"],"ProjectId":"","SamplingRatio":0},"WorkloadInsight":{"ForwardMergeThresholdMb":0,"OutputFile":"","Visualize":false},"Write":{"BlockSizeMb":32,"CreateEmptyFile":false,"EnableRapidAppends":true,"EnableRapidWrites":false,"EnableStreamingWrites":true,"FinalizeFileOnClose":false,"GlobalMaxBlocks":4,"MaxBlocksPerFile":1}}}
{"timestamp":{"seconds":1778658585,"nanos":159312465},"severity":"ERROR","message":"failed to initialize gcpexporter exporter: stackdriver: no project found with application default credentials","mount-id":"mohitkyadav-flat-usw4a-e0eb3abd"}
{"timestamp":{"seconds":1778658585,"nanos":159352245},"severity":"ERROR","message":"error occurred while setting up tracing: stackdriver: no project found with application default credentials","mount-id":"mohitkyadav-flat-usw4a-e0eb3abd"}
{"timestamp":{"seconds":1778658585,"nanos":159371305},"severity":"INFO","message":"Creating Storage handle...","mount-id":"mohitkyadav-flat-usw4a-e0eb3abd"}
{"timestamp":{"seconds":1778658585,"nanos":159383345},"severity":"INFO","message":"UserAgent = gcsfuse/unknown (Go version go1.26.2) (GPN:gcsfuse) (Cfg:0:0:0:1:0:0) (mount-id:mohitkyadav-flat-usw4a-e0eb3abd)\n","mount-id":"mohitkyadav-flat-usw4a-e0eb3abd"}
{"timestamp":{"seconds":1778658585,"nanos":159614935},"severity":"INFO","message":"Calling cred.UniverseDomain request for \"credentials\" with deadline=30s","mount-id":"mohitkyadav-flat-usw4a-e0eb3abd"}
{"timestamp":{"seconds":1778658585,"nanos":159651085},"severity":"INFO","message":"Success in fetching cred.UniverseDomain","mount-id":"mohitkyadav-flat-usw4a-e0eb3abd"}
{"timestamp":{"seconds":1778658585,"nanos":160953025},"severity":"INFO","message":"Creating a mount at \"/tmp/gcsfuse_mount_uqbxfiqx\"\n","mount-id":"mohitkyadav-flat-usw4a-e0eb3abd"}
{"timestamp":{"seconds":1778658585,"nanos":160994475},"severity":"INFO","message":"Creating a new server...\n","mount-id":"mohitkyadav-flat-usw4a-e0eb3abd"}
{"timestamp":{"seconds":1778658585,"nanos":161019945},"severity":"INFO","message":"MRD cache (LRU-based) enabled with maxSize=1000 (pools closed-file MRDs)","mount-id":"mohitkyadav-flat-usw4a-e0eb3abd"}
{"timestamp":{"seconds":1778658585,"nanos":161030315},"severity":"INFO","message":"Set up root directory for bucket mohitkyadav-flat-usw4a","mount-id":"mohitkyadav-flat-usw4a-e0eb3abd"}
{"timestamp":{"seconds":1778658585,"nanos":161044195},"severity":"INFO","message":"GetStorageLayout <- (mohitkyadav-flat-usw4a)","mount-id":"mohitkyadav-flat-usw4a-e0eb3abd"}
{"timestamp":{"seconds":1778658585,"nanos":161060535},"severity":"INFO","message":"Calling GetStorageLayout request for \"projects/_/buckets/mohitkyadav-flat-usw4a/storageLayout\" with deadline=30s","mount-id":"mohitkyadav-flat-usw4a-e0eb3abd"}
{"timestamp":{"seconds":1778658586,"nanos":126001303},"severity":"INFO","message":"GetStorageLayout -> (mohitkyadav-flat-usw4a) 964 msec","mount-id":"mohitkyadav-flat-usw4a-e0eb3abd"}
{"timestamp":{"seconds":1778658586,"nanos":126224812},"severity":"INFO","message":"Calling cred.UniverseDomain request for \"credentials\" with deadline=30s","mount-id":"mohitkyadav-flat-usw4a-e0eb3abd"}
{"timestamp":{"seconds":1778658586,"nanos":126252343},"severity":"INFO","message":"Success in fetching cred.UniverseDomain","mount-id":"mohitkyadav-flat-usw4a-e0eb3abd"}
{"timestamp":{"seconds":1778658586,"nanos":128464882},"severity":"INFO","message":"Mounting file system \"mohitkyadav-flat-usw4a\"...","mount-id":"mohitkyadav-flat-usw4a-e0eb3abd"}
{"timestamp":{"seconds":1778658586,"nanos":128561982},"severity":"TRACE","message":"fuse_debug: Beginning the mounting kickoff process","mount-id":"mohitkyadav-flat-usw4a-e0eb3abd"}
{"timestamp":{"seconds":1778658586,"nanos":128577602},"severity":"TRACE","message":"fuse_debug: Parsing fuse file descriptor","mount-id":"mohitkyadav-flat-usw4a-e0eb3abd"}
{"timestamp":{"seconds":1778658586,"nanos":128590272},"severity":"TRACE","message":"fuse_debug: Preparing for direct mounting","mount-id":"mohitkyadav-flat-usw4a-e0eb3abd"}
{"timestamp":{"seconds":1778658586,"nanos":128637632},"severity":"TRACE","message":"fuse_debug: Successfully opened the /dev/fuse in blocking mode","mount-id":"mohitkyadav-flat-usw4a-e0eb3abd"}
{"timestamp":{"seconds":1778658586,"nanos":128664162},"severity":"TRACE","message":"fuse_debug: Starting the unix mounting","mount-id":"mohitkyadav-flat-usw4a-e0eb3abd"}
{"timestamp":{"seconds":1778658586,"nanos":128698672},"severity":"TRACE","message":"fuse_debug: Directmount failed. Trying fallback.","mount-id":"mohitkyadav-flat-usw4a-e0eb3abd"}
{"timestamp":{"seconds":1778658586,"nanos":128754482},"severity":"TRACE","message":"fuse_debug: Creating a socket pair","mount-id":"mohitkyadav-flat-usw4a-e0eb3abd"}
{"timestamp":{"seconds":1778658586,"nanos":128790032},"severity":"TRACE","message":"fuse_debug: Creating files to wrap the sockets","mount-id":"mohitkyadav-flat-usw4a-e0eb3abd"}
{"timestamp":{"seconds":1778658586,"nanos":128805162},"severity":"TRACE","message":"fuse_debug: Starting fusermount/os mount","mount-id":"mohitkyadav-flat-usw4a-e0eb3abd"}
{"timestamp":{"seconds":1778658586,"nanos":131406152},"severity":"TRACE","message":"fuse_debug: Wrapping socket pair in a connection","mount-id":"mohitkyadav-flat-usw4a-e0eb3abd"}
{"timestamp":{"seconds":1778658586,"nanos":131567072},"severity":"TRACE","message":"fuse_debug: Checking that we have a unix domain socket","mount-id":"mohitkyadav-flat-usw4a-e0eb3abd"}
{"timestamp":{"seconds":1778658586,"nanos":131594952},"severity":"TRACE","message":"fuse_debug: Read a message from socket","mount-id":"mohitkyadav-flat-usw4a-e0eb3abd"}
{"timestamp":{"seconds":1778658586,"nanos":131633962},"severity":"TRACE","message":"fuse_debug: Successfully read the socket message.","mount-id":"mohitkyadav-flat-usw4a-e0eb3abd"}
{"timestamp":{"seconds":1778658586,"nanos":131650622},"severity":"TRACE","message":"fuse_debug: Converting FD into os.File","mount-id":"mohitkyadav-flat-usw4a-e0eb3abd"}
{"timestamp":{"seconds":1778658586,"nanos":131705642},"severity":"TRACE","message":"fuse_debug: Completed the mounting kickoff process","mount-id":"mohitkyadav-flat-usw4a-e0eb3abd"}
{"timestamp":{"seconds":1778658586,"nanos":131721082},"severity":"TRACE","message":"fuse_debug: Creating a connection object","mount-id":"mohitkyadav-flat-usw4a-e0eb3abd"}
{"timestamp":{"seconds":1778658586,"nanos":266916679},"severity":"TRACE","message":"fuse_debug: Op 0x00000002        connection.go:474] <- init","mount-id":"mohitkyadav-flat-usw4a-e0eb3abd"}
{"timestamp":{"seconds":1778658586,"nanos":267009679},"severity":"TRACE","message":"fuse_debug: Op 0x00000002        connection.go:573] -> init ()","mount-id":"mohitkyadav-flat-usw4a-e0eb3abd"}
{"timestamp":{"seconds":1778658586,"nanos":267039169},"severity":"TRACE","message":"fuse_debug: Successfully created the connection","mount-id":"mohitkyadav-flat-usw4a-e0eb3abd"}
{"timestamp":{"seconds":1778658586,"nanos":267065649},"severity":"TRACE","message":"fuse_debug: Waiting for mounting process to complete","mount-id":"mohitkyadav-flat-usw4a-e0eb3abd"}
{"timestamp":{"seconds":1778658586,"nanos":267082429},"severity":"INFO","message":"File system has been successfully mounted.","mount-id":"mohitkyadav-flat-usw4a-e0eb3abd"}
{"timestamp":{"seconds":1778658586,"nanos":270230179},"severity":"TRACE","message":"fuse_debug: Op 0x00000004        connection.go:474] <- GetInodeAttributes (inode 1, PID 1549080)","mount-id":"mohitkyadav-flat-usw4a-e0eb3abd"}
{"timestamp":{"seconds":1778658586,"nanos":270559189},"severity":"TRACE","message":"fuse_debug: Op 0x00000004        connection.go:573] -> GetInodeAttributes ()","mount-id":"mohitkyadav-flat-usw4a-e0eb3abd"}
{"timestamp":{"seconds":1778658586,"nanos":270840989},"severity":"TRACE","message":"fuse_debug: Op 0x00000006        connection.go:474] <- LookUpInode (parent 1, name \"exp_4a569d69f105489da9aad9b666709721.dat\", PID 1549080)","mount-id":"mohitkyadav-flat-usw4a-e0eb3abd"}
{"timestamp":{"seconds":1778658586,"nanos":271049498},"severity":"TRACE","message":"gcs: Req              0x0: <- StatObject(\"exp_4a569d69f105489da9aad9b666709721.dat/\")","mount-id":"mohitkyadav-flat-usw4a-e0eb3abd"}
{"timestamp":{"seconds":1778658586,"nanos":271069098},"severity":"TRACE","message":"gcs: Req              0x1: <- StatObject(\"exp_4a569d69f105489da9aad9b666709721.dat\")","mount-id":"mohitkyadav-flat-usw4a-e0eb3abd"}
{"timestamp":{"seconds":1778658587,"nanos":369603514},"severity":"TRACE","message":"gcs: Req              0x1: -> StatObject(\"exp_4a569d69f105489da9aad9b666709721.dat\") (1.098524446s): gcs.NotFoundError: error in fetching object attributes: storage: object doesn't exist: googleapi: Error 404: No such object: mohitkyadav-flat-usw4a/exp_4a569d69f105489da9aad9b666709721.dat, notFound","mount-id":"mohitkyadav-flat-usw4a-e0eb3abd"}
{"timestamp":{"seconds":1778658587,"nanos":374999593},"severity":"TRACE","message":"gcs: Req              0x0: -> StatObject(\"exp_4a569d69f105489da9aad9b666709721.dat/\") (1.103962604s): gcs.NotFoundError: error in fetching object attributes: storage: object doesn't exist: googleapi: Error 404: No such object: mohitkyadav-flat-usw4a/exp_4a569d69f105489da9aad9b666709721.dat/, notFound","mount-id":"mohitkyadav-flat-usw4a-e0eb3abd"}
{"timestamp":{"seconds":1778658587,"nanos":375108553},"severity":"TRACE","message":"fuse_debug: Op 0x00000006        connection.go:576] -> Error: \"no such file or directory\"","mount-id":"mohitkyadav-flat-usw4a-e0eb3abd"}
{"timestamp":{"seconds":1778658587,"nanos":375325853},"severity":"TRACE","message":"fuse_debug: Op 0x00000008        connection.go:474] <- CreateFile (parent 1, name \"exp_4a569d69f105489da9aad9b666709721.dat\", PID 1549080)","mount-id":"mohitkyadav-flat-usw4a-e0eb3abd"}
{"timestamp":{"seconds":1778658587,"nanos":375698663},"severity":"TRACE","message":"fuse_debug: Op 0x00000008        connection.go:573] -> CreateFile (inode 2)","mount-id":"mohitkyadav-flat-usw4a-e0eb3abd"}
{"timestamp":{"seconds":1778658587,"nanos":376211393},"severity":"TRACE","message":"fuse_debug: Op 0x0000000a        connection.go:474] <- unknown (inode 2, opcode 39)","mount-id":"mohitkyadav-flat-usw4a-e0eb3abd"}
{"timestamp":{"seconds":1778658587,"nanos":376426473},"severity":"TRACE","message":"fuse_debug: Op 0x0000000a        connection.go:576] -> Error: \"function not implemented\"","mount-id":"mohitkyadav-flat-usw4a-e0eb3abd"}
{"timestamp":{"seconds":1778658587,"nanos":999786664},"severity":"TRACE","message":"fuse_debug: Op 0x0000000c        connection.go:474] <- GetXattr (inode 2, name \"security.capability\", PID 1549080, name security.capability)","mount-id":"mohitkyadav-flat-usw4a-e0eb3abd"}
{"timestamp":{"seconds":1778658588,"nanos":2654},"severity":"TRACE","message":"fuse_debug: Op 0x0000000c        connection.go:576] -> Error: \"function not implemented\"","mount-id":"mohitkyadav-flat-usw4a-e0eb3abd"}
{"timestamp":{"seconds":1778658588,"nanos":238759911},"severity":"TRACE","message":"fuse_debug: Op 0x0000000e        connection.go:474] <- WriteFile (inode 2, PID 1549080, handle 0, offset 0, 267386880 bytes)","mount-id":"mohitkyadav-flat-usw4a-e0eb3abd"}
{"timestamp":{"seconds":1778658588,"nanos":260801489},"severity":"TRACE","message":"gcs: Req              0x2: <- CreateObjectChunkWriter(\"exp_4a569d69f105489da9aad9b666709721.dat\")","mount-id":"mohitkyadav-flat-usw4a-e0eb3abd"}
{"timestamp":{"seconds":1778658588,"nanos":260875289},"severity":"TRACE","message":"gcs: Req              0x2: -> CreateObjectChunkWriter(\"exp_4a569d69f105489da9aad9b666709721.dat\") (81.33µs): OK","mount-id":"mohitkyadav-flat-usw4a-e0eb3abd"}
{"timestamp":{"seconds":1778658592,"nanos":185628878},"severity":"TRACE","message":"gcs: Req              0x2: -- UploadBlock(\"exp_4a569d69f105489da9aad9b666709721.dat\"):             33554432 bytes uploaded so far","mount-id":"mohitkyadav-flat-usw4a-e0eb3abd"}
{"timestamp":{"seconds":1778658595,"nanos":480274572},"severity":"TRACE","message":"gcs: Req              0x2: -- UploadBlock(\"exp_4a569d69f105489da9aad9b666709721.dat\"):             67108864 bytes uploaded so far","mount-id":"mohitkyadav-flat-usw4a-e0eb3abd"}
{"timestamp":{"seconds":1778658598,"nanos":681927456},"severity":"TRACE","message":"gcs: Req              0x2: -- UploadBlock(\"exp_4a569d69f105489da9aad9b666709721.dat\"):            100663296 bytes uploaded so far","mount-id":"mohitkyadav-flat-usw4a-e0eb3abd"}
{"timestamp":{"seconds":1778658602,"nanos":4587434},"severity":"TRACE","message":"gcs: Req              0x2: -- UploadBlock(\"exp_4a569d69f105489da9aad9b666709721.dat\"):            134217728 bytes uploaded so far","mount-id":"mohitkyadav-flat-usw4a-e0eb3abd"}
{"timestamp":{"seconds":1778658605,"nanos":219931394},"severity":"TRACE","message":"gcs: Req              0x2: -- UploadBlock(\"exp_4a569d69f105489da9aad9b666709721.dat\"):            167772160 bytes uploaded so far","mount-id":"mohitkyadav-flat-usw4a-e0eb3abd"}
{"timestamp":{"seconds":1778658608,"nanos":393238752},"severity":"TRACE","message":"gcs: Req              0x2: -- UploadBlock(\"exp_4a569d69f105489da9aad9b666709721.dat\"):            201326592 bytes uploaded so far","mount-id":"mohitkyadav-flat-usw4a-e0eb3abd"}
{"timestamp":{"seconds":1778658608,"nanos":400534311},"severity":"TRACE","message":"fuse_debug: Op 0x0000000e        connection.go:573] -> WriteFile ()","mount-id":"mohitkyadav-flat-usw4a-e0eb3abd"}
{"timestamp":{"seconds":1778658608,"nanos":425417029},"severity":"TRACE","message":"fuse_debug: Op 0x00000010        connection.go:474] <- SyncFile (inode 2, PID 1549080)","mount-id":"mohitkyadav-flat-usw4a-e0eb3abd"}
{"timestamp":{"seconds":1778658611,"nanos":578253371},"severity":"TRACE","message":"gcs: Req              0x2: -- UploadBlock(\"exp_4a569d69f105489da9aad9b666709721.dat\"):            234881024 bytes uploaded so far","mount-id":"mohitkyadav-flat-usw4a-e0eb3abd"}
{"timestamp":{"seconds":1778658611,"nanos":586657910},"severity":"TRACE","message":"fuse_debug: Op 0x00000010        connection.go:573] -> SyncFile ()","mount-id":"mohitkyadav-flat-usw4a-e0eb3abd"}
{"timestamp":{"seconds":1778658611,"nanos":586919540},"severity":"TRACE","message":"fuse_debug: Op 0x00000012        connection.go:474] <- FlushFile (inode 2, PID 1549080)","mount-id":"mohitkyadav-flat-usw4a-e0eb3abd"}
{"timestamp":{"seconds":1778658611,"nanos":587066100},"severity":"TRACE","message":"gcs: Req              0x3: <- FinalizeUpload(\"exp_4a569d69f105489da9aad9b666709721.dat\")","mount-id":"mohitkyadav-flat-usw4a-e0eb3abd"}
{"timestamp":{"seconds":1778658614,"nanos":811293709},"severity":"TRACE","message":"gcs: Req              0x2: -- UploadBlock(\"exp_4a569d69f105489da9aad9b666709721.dat\"):            267386880 bytes uploaded so far","mount-id":"mohitkyadav-flat-usw4a-e0eb3abd"}
{"timestamp":{"seconds":1778658614,"nanos":811607658},"severity":"TRACE","message":"gcs: Req              0x3: -> FinalizeUpload(\"exp_4a569d69f105489da9aad9b666709721.dat\") (3.224551928s): OK","mount-id":"mohitkyadav-flat-usw4a-e0eb3abd"}
{"timestamp":{"seconds":1778658614,"nanos":811686678},"severity":"TRACE","message":"fuse_debug: Op 0x00000012        connection.go:573] -> FlushFile ()","mount-id":"mohitkyadav-flat-usw4a-e0eb3abd"}
{"timestamp":{"seconds":1778658614,"nanos":811893728},"severity":"TRACE","message":"fuse_debug: Op 0x00000014        connection.go:474] <- ReleaseFileHandle (PID 0, handle 0)","mount-id":"mohitkyadav-flat-usw4a-e0eb3abd"}
{"timestamp":{"seconds":1778658614,"nanos":812051078},"severity":"TRACE","message":"fuse_debug: Op 0x00000014        connection.go:573] -> ReleaseFileHandle ()","mount-id":"mohitkyadav-flat-usw4a-e0eb3abd"}
